<?xml version="1.0" encoding="UTF-8"?>
<testng-results ignored="0" total="1" passed="1" failed="0" skipped="0">
  <reporter-output>
  </reporter-output>
  <suite started-at="2023-10-27T13:28:37 GST" name="Default suite" finished-at="2023-10-27T13:29:07 GST" duration-ms="30158">
    <groups>
    </groups>
    <test started-at="2023-10-27T13:28:37 GST" name="Default test" finished-at="2023-10-27T13:29:07 GST" duration-ms="30158">
      <class name="com.zuzu_hospitality.testcases.Login">
        <test-method signature="testLogin(java.util.HashMap)[pri:0, instance:com.zuzu_hospitality.testcases.Login@3ba987b8]" started-at="2023-10-27T13:28:38 GST" name="testLogin" data-provider="dataSupplier" finished-at="2023-10-27T13:29:07 GST" duration-ms="29268" status="PASS">
          <params>
            <param index="0">
              <value>
                <![CDATA[{Runmode=Y, ExpectedResult=Success, Username=pushparaj@zuzuhs.com, Browser=Chrome, Password=Pushparaj@Zuzu1}]]>
              </value>
            </param>
          </params>
          <reporter-output>
          </reporter-output>
        </test-method> <!-- testLogin -->
        <test-method is-config="true" signature="tearDown()[pri:0, instance:com.zuzu_hospitality.testcases.Login@3ba987b8]" started-at="2023-10-27T13:29:07 GST" name="tearDown" finished-at="2023-10-27T13:29:07 GST" duration-ms="346" status="PASS">
          <reporter-output>
          </reporter-output>
        </test-method> <!-- tearDown -->
      </class> <!-- com.zuzu_hospitality.testcases.Login -->
    </test> <!-- Default test -->
  </suite> <!-- Default suite -->
</testng-results>
